<?xml version="1.0" encoding="UTF-8"?>
<!-- Generated by org.testng.reporters.JUnitReportReporter -->
<testsuite skipped="0" hostname="Uday-PC" name="orange.tests.LoginPageTest" tests="2" failures="0" timestamp="01 Jan 2020 11:26:11 GMT" time="50.703" errors="0">
  <testcase name="title" time="20.629" classname="orange.tests.LoginPageTest"/>
  <testcase name="logintocrm" time="30.074" classname="orange.tests.LoginPageTest"/>
</testsuite> <!-- orange.tests.LoginPageTest -->
